2021-11-19
[Num Cubes] 125000
[RULE] 12
[avg frame rate]: 9.74066 f/s
======================================================
2021-11-19
[Num Cubes] 125000
[RULE] 12
[avg frame rate]: 10.2243 f/s
======================================================
2021-11-19
[Num Cubes] 125000
[RULE] 12
[UPTIME] 27.8772 s
[avg frame rate]: 10.4147 f/s
======================================================
2021-11-19
[Num Cubes] 1000000
[RULE] 12
[UPTIME] 54.5267 s
[avg frame rate]: 1.17967 f/s
======================================================
2021-11-19
[Num Cubes] 1000000
[RULE] 12
[UPTIME] 49.8686 s
[avg frame rate]: 1.42161 f/s
======================================================
2021-11-19
[Num Cubes] 1000000
[RULE] 7
[UPTIME] 56.3995 s
[avg frame rate]: 1.12795 f/s
======================================================
2021-11-19
[Num Cubes] 1000000
[RULE] 7
[UPTIME] 17.4073 s
[avg frame rate]: 1.5444 f/s
======================================================
2021-11-19
[Num Cubes] 125000
[RULE] 7
[UPTIME] 32.5755 s
[avg frame rate]: 3.94074 f/s
======================================================
2021-11-19
[Num Cubes] 1000
[RULE] 7
[UPTIME] 2.33029 s
[avg frame rate]: 71.4629 f/s
======================================================
2021-11-19
[Num Cubes] 1000
[RULE] 7
[UPTIME] 12.4572 s
[avg frame rate]: 64.4726 f/s
======================================================
2021-11-19
[Num Cubes] 125000
[RULE] 7
[UPTIME] 19.7466 s
[avg frame rate]: 35.0605 f/s
======================================================
2021-11-19
[Num Cubes] 125000
[RULE] 7
[UPTIME] 14.1707 s
[avg frame rate]: 43.242 f/s
======================================================
2021-11-19
[Num Cubes] 1000000
[RULE] 7
[UPTIME] 33.3696 s
[avg frame rate]: 2.16672 f/s
======================================================
2021-11-19
[Num Cubes] 1000000
[RULE] 7
[UPTIME] 47.5348 s
[avg frame rate]: 0.986691 f/s
======================================================
2021-11-19
[Num Cubes] 1000000
[RULE] 7
[UPTIME] 56.3915 s
[avg frame rate]: 0.967336 f/s
======================================================
2021-11-19
[Num Cubes] 1000000
[RULE] 7
[UPTIME] 89.0204 s
[avg frame rate]: 0.72981 f/s
======================================================
2021-11-19
[Num Cubes] 1000000
[RULE] 7
[UPTIME] 22.2219 s
[avg frame rate]: 1.49944 f/s
======================================================
2021-11-19
[PROFILING MODE] 1
[Num Cubes] 1000000
[RULE] 7
[GENERATIONS] 30
[UPTIME] 31.6587 s
[avg frame rate]: 1.25914 f/s
======================================================
2021-11-19
[PROFILING MODE] 1
[Num Cubes] 125000
[RULE] 7
[GENERATIONS] 30
[UPTIME] 1.70706 s
[avg frame rate]: 55.6015 f/s
======================================================
2021-11-19
[PROFILING MODE] 1
[Num Cubes] 125000
[RULE] 7
[GENERATIONS] 30
[UPTIME] 1.48614 s
[avg frame rate]: 102.198 f/s
======================================================
2021-11-19
[PROFILING MODE] 1
[Num Cubes] 1000000
[RULE] 7
[GENERATIONS] 30
[UPTIME] 29.5126 s
[avg frame rate]: 1.31719 f/s
======================================================
2021-11-19
[PROFILING MODE] 1
[Num Cubes] 1000000
[RULE] 7
[GENERATIONS] 30
[UPTIME] 26.8332 s
[avg frame rate]: 1.4343 f/s
======================================================
2021-11-19
[PROFILING MODE] 1
[Num Cubes] 1000000
[RULE] 7
[GENERATIONS] 30
[UPTIME] 26.7718 s
[avg frame rate]: 1.43705 f/s
======================================================
2021-11-19
[PROFILING MODE] 1
[Num Cubes] 1000000
[RULE] 7
[GENERATIONS] 30
[UPTIME] 26.7469 s
[avg frame rate]: 1.43766 f/s
======================================================
2021-11-19
[PROFILING MODE] 1
[Num Cubes] 1000000
[RULE] 7
[GENERATIONS] 30
[UPTIME] 28.538 s
[avg frame rate]: 1.38768 f/s
======================================================
2021-11-19
[PROFILING MODE] 1
[Num Cubes] 1000000
[TIME 2 BUILD WRLD] 76.304500
[RULE] 7
[GENERATIONS] 30
[UPTIME] 24.3513 s
[avg frame rate]: 1.66144 f/s
======================================================
2021-11-19
[PROFILING MODE] 1
[Num Cubes] 1000000
[TIME 2 BUILD WRLD] 79.778900
[RULE] 7
[GENERATIONS] 30
[UPTIME] 24.259 s
[avg frame rate]: 1.65472 f/s
======================================================
2021-11-19
[PROFILING MODE] 1
[Num Cubes] 1000000
[TIME 2 BUILD WRLD] 80.985500
[RULE] 7
[GENERATIONS] 30
[UPTIME] 28.2162 s
[avg frame rate]: 1.37519 f/s
======================================================
2021-11-19
[PROFILING MODE] 1
[Num Cubes] 1000000
[TIME 2 BUILD WRLD] 92.730200
[RULE] 7
[GENERATIONS] 30
[UPTIME] 28.4365 s
[avg frame rate]: 1.35471 f/s
======================================================
2021-11-19
[PROFILING MODE] 1
[Num Cubes] 1000000
[TIME 2 BUILD WRLD] 91.144500
[RULE] 7
[GENERATIONS] 30
[UPTIME] 28.4262 s
[avg frame rate]: 1.36342 f/s
======================================================
2021-11-19
[PROFILING MODE] 1
[Num Cubes] 1000000
[TIME 2 BUILD WRLD] 81.899300
[RULE] 7
[GENERATIONS] 30
[UPTIME] 24.5388 s
[avg frame rate]: 1.64309 f/s
======================================================2021-11-19
[PROFILING MODE] 1
[Num Cubes] 1000000
[TIME 2 BUILD WRLD] 69.256800
[RULE] 7
[GENERATIONS] 14
[UPTIME] 24.2055 s
[avg frame rate]: 0.789058 f/s
======================================================
2021-11-19
[PROFILING MODE] 1
[Num Cubes] 1000000
[TIME 2 BUILD WRLD] 83.269200
[RULE] 7
[GENERATIONS] 20
[UPTIME] 24.6168 s
[avg frame rate]: 1.11564 f/s
======================================================
2021-11-19
[PROFILING MODE] 1
[Num Cubes] 1000000
[TIME 2 BUILD WRLD] 83.206100
[RULE] 7
[GENERATIONS] 15
[UPTIME] 17.6621 s
[avg frame rate]: 1.37084 f/s
======================================================
2021-11-20
[PROFILING MODE] 1
[Num Cubes] 1000000
[TIME 2 BUILD WRLD] 59.111900
[RULE] 7
[GENERATIONS] 30
[UPTIME] 30.6195 s
[avg frame rate]: 1.25928 f/s
======================================================
2021-11-20
[PROFILING MODE] 1
[Num Cubes] 1000000
[TIME 2 BUILD WRLD] 73.375800
[RULE] 7
[GENERATIONS] 30
[UPTIME] 33.9588 s
[avg frame rate]: 1.10579 f/s
======================================================
2021-11-20
[PROFILING MODE] 1
[Num Cubes] 1000000
[TIME 2 BUILD WRLD] 64.507900
[RULE] 7
[GENERATIONS] 26
[UPTIME] 25.2642 s
[avg frame rate]: 1.56771 f/s
======================================================
2021-11-20
[PROFILING MODE] 1
[Num Cubes] 1000000
[TIME 2 BUILD WRLD] 405.038400
[RULE] 7
[GENERATIONS] 2
[UPTIME] 21.9512 s
[avg frame rate]: 0.163243 f/s
======================================================
2021-11-20
[PROFILING MODE] 1
[Num Cubes] 1000000
[TIME 2 BUILD WRLD] 405.038400
[RULE] 7
[GENERATIONS] 2
[UPTIME] 21.9522 s
[avg frame rate]: 0.163243 f/s
======================================================
2021-11-20
[PROFILING MODE] 1
[Num Cubes] 1000
[TIME 2 BUILD WRLD] 53.877400
[RULE] 7
[GENERATIONS] 30
[UPTIME] 1.2583 s
[avg frame rate]: 26.6547 f/s
======================================================
2021-11-20
[PROFILING MODE] 1
[Num Cubes] 1000000
[TIME 2 BUILD WRLD] 867.877600
[RULE] 7
[GENERATIONS] 30
[UPTIME] 29.7884 s
[avg frame rate]: 1.51818 f/s
======================================================
2021-11-20
[PROFILING MODE] 1
[Num Cubes] 125000
[TIME 2 BUILD WRLD] 274.672100
[RULE] 7
[GENERATIONS] 30
[UPTIME] 9.66337 s
[avg frame rate]: 3.65039 f/s
======================================================
2021-11-20
[PROFILING MODE] 1
[Num Cubes] 125000
[TIME 2 BUILD WRLD] 338.530600
[RULE] 7
[GENERATIONS] 30
[UPTIME] 9.04215 s
[avg frame rate]: 4.09098 f/s
======================================================
2021-11-20
[PROFILING MODE] 1
[Num Cubes] 125000
[TIME 2 BUILD WRLD] 308.783000
[RULE] 7
[GENERATIONS] 30
[UPTIME] 8.59998 s
[avg frame rate]: 4.33281 f/s
======================================================
2021-11-20
[PROFILING MODE] 1
[Num Cubes] 125000
[TIME 2 BUILD WRLD] 164.590700
[RULE] 7
[GENERATIONS] 30
[UPTIME] 6.7633 s
[avg frame rate]: 5.40832 f/s
======================================================
2021-11-20
[PROFILING MODE] 1
[Num Cubes] 125000
[TIME 2 BUILD WRLD] 164.590700
[RULE] 7
[GENERATIONS] 30
[UPTIME] 6.76509 s
[avg frame rate]: 5.40832 f/s
======================================================
2021-11-20
[PROFILING MODE] 1
[Num Cubes] 421875
[TIME 2 BUILD WRLD] 314.652800
[RULE] 7
[GENERATIONS] 30
[UPTIME] 16.0627 s
[avg frame rate]: 2.41785 f/s
======================================================
2021-11-20
[PROFILING MODE] 1
[Num Cubes] 1000000
[TIME 2 BUILD WRLD] 447.822300
[RULE] 9
[GENERATIONS] 30
[UPTIME] 29.3476 s
[avg frame rate]: 1.42416 f/s
======================================================
2021-11-20
[PROFILING MODE] 1
[Num Cubes] 1000000
[TIME 2 BUILD WRLD] 519.117100
[RULE] 7
[GENERATIONS] 30
[UPTIME] 28.1172 s
[avg frame rate]: 1.54573 f/s
======================================================
2021-11-20
[PROFILING MODE] 1
[Num Cubes] 1000000
[TIME 2 BUILD WRLD] 535.180300
[RULE] 7
[GENERATIONS] 30
[UPTIME] 27.8633 s
[avg frame rate]: 1.52946 f/s
======================================================
2021-11-20
[PROFILING MODE] 1
[Num Cubes] 1000000
[TIME 2 BUILD WRLD] 502.056200
[RULE] 7
[GENERATIONS] 30
[UPTIME] 27.7187 s
[avg frame rate]: 1.54506 f/s
======================================================
2021-11-20
[PROFILING MODE] 1
[Num Cubes] 1000000
[TIME 2 BUILD WRLD] 479.813800
[RULE] 7
[GENERATIONS] 30
[UPTIME] 27.7257 s
[avg frame rate]: 1.54564 f/s
======================================================
2021-11-20
[PROFILING MODE] 1
[Num Cubes] 1000000
[TIME 2 BUILD WRLD] 557.008100
[RULE] 7
[GENERATIONS] 30
[UPTIME] 27.5814 s
[avg frame rate]: 1.56007 f/s
======================================================
2021-11-20
[PROFILING MODE] 1
[Num Cubes] 1000000
[TIME 2 BUILD WRLD] 496.854700
[RULE] 7
[GENERATIONS] 30
[UPTIME] 8.66161 s
[avg frame rate]: 100.163 f/s
======================================================
2021-11-20
[PROFILING MODE] 1
[Num Cubes] 1000000
[TIME 2 BUILD WRLD] 604.211000
[RULE] 7
[GENERATIONS] 30
[UPTIME] 8.78897 s
[avg frame rate]: 100.748 f/s
======================================================
2021-11-20
[PROFILING MODE] 1
[Num Cubes] 1000000
[TIME 2 BUILD WRLD] 439.800000
[RULE] 7
[GENERATIONS] 1808
[UPTIME] 33.1906 s
[avg frame rate]: 99.5896 f/s
======================================================
2021-11-20
[PROFILING MODE] 0
[Num Cubes] 1000000
[TIME 2 BUILD WRLD] 419.251000
[RULE] 7
[GENERATIONS] 708
[UPTIME] 83.8685 s
[avg frame rate]: 9.49805 f/s
======================================================
2021-11-20
[PROFILING MODE] 0
[Num Cubes] 1000000
[TIME 2 BUILD WRLD] 429.371800
[RULE] 7
[GENERATIONS] 581
[UPTIME] 24.9196 s
[avg frame rate]: 43.7328 f/s
======================================================
2021-11-20
[PROFILING MODE] 0
[Num Cubes] 1000000
[TIME 2 BUILD WRLD] 406.059000
[RULE] 7
[GENERATIONS] 190
[UPTIME] 13.0521 s
[avg frame rate]: 48.3547 f/s
======================================================
2021-11-20
[PROFILING MODE] 0
[Num Cubes] 1000000
[TIME 2 BUILD WRLD] 424.578800
[RULE] 7
[GENERATIONS] 198
[UPTIME] 35.1564 s
[avg frame rate]: 7.62712 f/s
======================================================
2021-11-20
[PROFILING MODE] 0
[Num Cubes] 1000000
[TIME 2 BUILD WRLD] 408.966200
[RULE] 4
[GENERATIONS] 143
[UPTIME] 33.1752 s
[avg frame rate]: 5.87888 f/s
======================================================
2021-11-20
[PROFILING MODE] 0
[Num Cubes] 1000000
[TIME 2 BUILD WRLD] 437.765800
[RULE] 4
[GENERATIONS] 697
[UPTIME] 31.4597 s
[avg frame rate]: 35.6506 f/s
======================================================
2021-11-20
[PROFILING MODE] 0
[Num Cubes] 1000000
[TIME 2 BUILD WRLD] 368.186100
[RULE] 5
[GENERATIONS] 36
[UPTIME] 35.5697 s
[avg frame rate]: 1.28654 f/s
======================================================
2021-11-20
[PROFILING MODE] 0
[Num Cubes] 1000000
[TIME 2 BUILD WRLD] 379.446500
[RULE] 5
[GENERATIONS] 28
[UPTIME] 25.2788 s
[avg frame rate]: 1.60812 f/s
======================================================
2021-11-20
[PROFILING MODE] 0
[Num Cubes] 125000
[TIME 2 BUILD WRLD] 217.003200
[RULE] 13
[GENERATIONS] 35
[UPTIME] 3.55537 s
[avg frame rate]: 15.2388 f/s
======================================================
2021-11-20
[PROFILING MODE] 0
[Num Cubes] 166375
[TIME 2 BUILD WRLD] 213.739300
[RULE] 13
[GENERATIONS] 240
[UPTIME] 6.24904 s
[avg frame rate]: 66.1968 f/s
======================================================
2021-11-20
[PROFILING MODE] 0
[Num Cubes] 166375
[TIME 2 BUILD WRLD] 195.108100
[RULE] 12
[GENERATIONS] 65
[UPTIME] 6.77097 s
[avg frame rate]: 12.6155 f/s
======================================================
2021-11-20
[PROFILING MODE] 0
[Num Cubes] 166375
[TIME 2 BUILD WRLD] 276.129900
[RULE] 11
[GENERATIONS] 61
[UPTIME] 8.73232 s
[avg frame rate]: 8.62618 f/s
======================================================
2021-11-20
[PROFILING MODE] 0
[Num Cubes] 166375
[TIME 2 BUILD WRLD] 226.011000
[RULE] 7
[GENERATIONS] 58
[UPTIME] 7.0051 s
[avg frame rate]: 10.848 f/s
======================================================
2021-11-20
[PROFILING MODE] 0
[Num Cubes] 166375
[TIME 2 BUILD WRLD] 245.607500
[RULE] 7
[GENERATIONS] 25
[UPTIME] 8.28707 s
[avg frame rate]: 3.72495 f/s
======================================================
2021-11-20
[PROFILING MODE] 0
[Num Cubes] 166375
[TIME 2 BUILD WRLD] 237.936800
[RULE] 1
[GENERATIONS] 36
[UPTIME] 5.62845 s
[avg frame rate]: 8.8641 f/s
======================================================
2021-11-20
[PROFILING MODE] 0
[Num Cubes] 166375
[TIME 2 BUILD WRLD] 210.311900
[RULE] 0
[GENERATIONS] 109
[UPTIME] 26.8553 s
[avg frame rate]: 4.30445 f/s
======================================================
2021-11-20
[PROFILING MODE] 0
[Num Cubes] 8000000
[TIME 2 BUILD WRLD] 911.039200
[RULE] 0
[GENERATIONS] 4
[UPTIME] 19.262 s
[avg frame rate]: 0.274656 f/s
======================================================
2021-11-20
[PROFILING MODE] 0
[Num Cubes] 8000000
[TIME 2 BUILD WRLD] 911.039200
[RULE] 0
[GENERATIONS] 4
[UPTIME] 19.2631 s
[avg frame rate]: 0.274656 f/s
======================================================
2021-11-20
[PROFILING MODE] 0
[Num Cubes] 166375
[TIME 2 BUILD WRLD] 256.490600
[RULE] 3
[GENERATIONS] 17
[UPTIME] 5.82606 s
[avg frame rate]: 4.06675 f/s
======================================================
2021-11-20
[PROFILING MODE] 0
[Num Cubes] 91125
[TIME 2 BUILD WRLD] 223.832200
[RULE] 3
[GENERATIONS] 37
[UPTIME] 7.5124 s
[avg frame rate]: 5.69553 f/s
======================================================
2021-11-20
[PROFILING MODE] 0
[Num Cubes] 91125
[TIME 2 BUILD WRLD] 248.928700
[RULE] 6
[GENERATIONS] 36
[UPTIME] 7.94857 s
[avg frame rate]: 5.23753 f/s
======================================================
2021-11-20
[PROFILING MODE] 0
[Num Cubes] 91125
[TIME 2 BUILD WRLD] 211.522500
[RULE] 6
[GENERATIONS] 30
[UPTIME] 6.75365 s
[avg frame rate]: 5.23934 f/s
======================================================
2021-11-20
[PROFILING MODE] 0
[Num Cubes] 274625
[TIME 2 BUILD WRLD] 268.317600
[RULE] 7
[GENERATIONS] 76
[UPTIME] 25.7903 s
[avg frame rate]: 3.2727 f/s
======================================================
2021-11-20
[PROFILING MODE] 0
[Num Cubes] 274625
[TIME 2 BUILD WRLD] 260.278000
[RULE] 7
[GENERATIONS] 402
[UPTIME] 15.8857 s
[avg frame rate]: 30.1609 f/s
======================================================
2021-11-20
[PROFILING MODE] 0
[Num Cubes] 274625
[TIME 2 BUILD WRLD] 340.385800
[RULE] 7
[GENERATIONS] 66
[UPTIME] 13.9983 s
[avg frame rate]: 5.81349 f/s
======================================================
2021-11-20
[PROFILING MODE] 0
[Num Cubes] 274625
[TIME 2 BUILD WRLD] 292.855900
[RULE] 7
[GENERATIONS] 1003
[UPTIME] 13.7737 s
[avg frame rate]: 194.721 f/s
======================================================
2021-11-20
[PROFILING MODE] 0
[Num Cubes] 125000
[TIME 2 BUILD WRLD] 236.922300
[RULE] 7
[GENERATIONS] 499
[UPTIME] 7.65565 s
[avg frame rate]: 121.399 f/s
======================================================
2021-11-20
[PROFILING MODE] 0
[Num Cubes] 125000
[TIME 2 BUILD WRLD] 249.915000
[RULE] 7
[GENERATIONS] 75
[UPTIME] 2.69672 s
[avg frame rate]: 89.8602 f/s
======================================================
2021-11-20
[PROFILING MODE] 0
[Num Cubes] 125000
[TIME 2 BUILD WRLD] 231.829000
[RULE] 7
[GENERATIONS] 1400
[UPTIME] 23.0848 s
[avg frame rate]: 84.0268 f/s
======================================================
2021-11-20
[PROFILING MODE] 0
[Num Cubes] 1000000
[TIME 2 BUILD WRLD] 451.186500
[RULE] 7
[GENERATIONS] 801
[UPTIME] 41.8416 s
[avg frame rate]: 25.9427 f/s
======================================================
2021-11-20
[PROFILING MODE] 0
[Num Cubes] 125000
[TIME 2 BUILD WRLD] 265.969700
[RULE] 7
[GENERATIONS] 113
[UPTIME] 23.567 s
[avg frame rate]: 5.10656 f/s
======================================================
2021-11-20
[PROFILING MODE] 0
[Num Cubes] 512000
[TIME 2 BUILD WRLD] 386.304700
[RULE] 7
[GENERATIONS] 99
[UPTIME] 53.2567 s
[avg frame rate]: 2.03757 f/s
======================================================
2021-11-20
[PROFILING MODE] 0
[Num Cubes] 125000
[TIME 2 BUILD WRLD] 643.438800
[RULE] 7
[GENERATIONS] 45
[UPTIME] 7.68962 s
[avg frame rate]: 7.35658 f/s
======================================================
2021-11-20
[PROFILING MODE] 0
[Num Cubes] 125000
[TIME 2 BUILD WRLD] 678.778700
[RULE] 7
[GENERATIONS] 316
[UPTIME] 21.2976 s
[avg frame rate]: 16.088 f/s
======================================================
2021-11-20
[PROFILING MODE] 0
[Num Cubes] 125000
[TIME 2 BUILD WRLD] 624.523500
[RULE] 7
[GENERATIONS] 188
[UPTIME] 15.8137 s
[avg frame rate]: 14.3149 f/s
======================================================
2021-11-20
[PROFILING MODE] 0
[Num Cubes] 125000
[TIME 2 BUILD WRLD] 603.436500
[RULE] 7
[GENERATIONS] 348
[UPTIME] 11.9408 s
[avg frame rate]: 41.5933 f/s
======================================================
2021-11-20
[PROFILING MODE] 0
[Num Cubes] 125000
[TIME 2 BUILD WRLD] 655.899000
[RULE] 7
[GENERATIONS] 114
[UPTIME] 2.92819 s
[avg frame rate]: 163.024 f/s
======================================================
2021-11-20
[PROFILING MODE] 0
[Num Cubes] 125000
[TIME 2 BUILD WRLD] 631.393400
[RULE] 7
[GENERATIONS] 530
[UPTIME] 7.28361 s
[avg frame rate]: 221.289 f/s
======================================================
2021-11-20
[PROFILING MODE] 0
[Num Cubes] 125000
[TIME 2 BUILD WRLD] 728.944800
[RULE] 7
[GENERATIONS] 32
[UPTIME] 2.18278 s
[avg frame rate]: 91.5012 f/s
======================================================
2021-11-20
[PROFILING MODE] 0
[Num Cubes] 125000
[TIME 2 BUILD WRLD] 667.222000
[RULE] 7
[GENERATIONS] 8
[UPTIME] 9.60669 s
[avg frame rate]: 40.5618 f/s
======================================================
2021-11-20
[PROFILING MODE] 0
[Num Cubes] 125000
[TIME 2 BUILD WRLD] 610.298000
[RULE] 7
[GENERATIONS] 1
[UPTIME] 15.6088 s
[avg frame rate]: 8.19995 f/s
======================================================
2021-11-20
[PROFILING MODE] 0
[Num Cubes] 125000
[TIME 2 BUILD WRLD] 684.659100
[RULE] 7
[GENERATIONS] 1
[UPTIME] 5.86306 s
[avg frame rate]: 8.49042 f/s
======================================================
2021-11-20
[PROFILING MODE] 0
[Num Cubes] 125000
[TIME 2 BUILD WRLD] 150.483100
[RULE] 7
[GENERATIONS] 419
[UPTIME] 17.5469 s
[avg frame rate]: 32.7858 f/s
======================================================
2021-11-21
[PROFILING MODE] 0
[Num Cubes] 125000
[TIME 2 BUILD WRLD] 281.457100
[RULE] 7
[GENERATIONS] 176
[UPTIME] 8.56397 s
[avg frame rate]: 25.4163 f/s
======================================================
2021-11-21
[PROFILING MODE] 0
[Num Cubes] 1000000
[TIME 2 BUILD WRLD] 14108.790500
[RULE] 7
[GENERATIONS] 694
[UPTIME] 36.9531 s
[avg frame rate]: 50.9141 f/s
======================================================
2021-11-21
[PROFILING MODE] 0
[Num Cubes] 1000000
[TIME 2 BUILD WRLD] 11283.709300
[RULE] 7
[GENERATIONS] 361
[UPTIME] 39.0426 s
[avg frame rate]: 18.0585 f/s
======================================================
2021-11-21
[PROFILING MODE] 0
[Num Cubes] 1000
[TIME 2 BUILD WRLD] 680.439700
[RULE] 7
[GENERATIONS] 128
[UPTIME] 1.28134 s
[avg frame rate]: 263.463 f/s
======================================================
2021-11-21
[PROFILING MODE] 0
[Num Cubes] 1000
[TIME 2 BUILD WRLD] 650.824700
[RULE] 7
[GENERATIONS] 1590
[UPTIME] 5.46919 s
[avg frame rate]: 352.052 f/s
======================================================
2021-11-21
[PROFILING MODE] 0
[Num Cubes] 1000000
[TIME 2 BUILD WRLD] 4266.367000
[RULE] 7
[GENERATIONS] 105
[UPTIME] 15.1369 s
[avg frame rate]: 24.5731 f/s
======================================================
2021-11-21
[PROFILING MODE] 0
[Num Cubes] 125000
[TIME 2 BUILD WRLD] 3205.681800
[RULE] 7
[GENERATIONS] 19
[UPTIME] 6.82422 s
[avg frame rate]: 7.14341 f/s
======================================================
2021-11-21
[PROFILING MODE] 0
[Num Cubes] 125000
[TIME 2 BUILD WRLD] 3158.069400
[RULE] 7
[GENERATIONS] 12
[UPTIME] 6.12268 s
[avg frame rate]: 6.01349 f/s
======================================================
2021-11-21
[PROFILING MODE] 0
[Num Cubes] 125000
[TIME 2 BUILD WRLD] 3084.939300
[RULE] 7
[GENERATIONS] 65
[UPTIME] 18.4069 s
[avg frame rate]: 4.52133 f/s
======================================================
2021-11-21
[PROFILING MODE] 0
[Num Cubes] 125000
[TIME 2 BUILD WRLD] 747.198200
[RULE] 7
[GENERATIONS] 9
[UPTIME] 3.21935 s
[avg frame rate]: 6.01716 f/s
======================================================
2021-11-21
[PROFILING MODE] 0
[Num Cubes] 125000
[TIME 2 BUILD WRLD] 749.759900
[RULE] 7
[GENERATIONS] 37
[UPTIME] 9.71133 s
[avg frame rate]: 4.72595 f/s
======================================================
2021-11-21
[PROFILING MODE] 0
[Num Cubes] 343000
[TIME 2 BUILD WRLD] 5526.866400
[RULE] 7
[GENERATIONS] 56
[UPTIME] 31.7538 s
[avg frame rate]: 2.35888 f/s
======================================================
